<?xml version="1.0" encoding="UTF-8"?>
<coverage generated="1622977584896" clover="3.2.0">
  <project timestamp="1622977584897" name="All files">
    <metrics statements="352" coveredstatements="318" conditionals="24" coveredconditionals="24" methods="54" coveredmethods="54" elements="430" coveredelements="396" complexity="0" loc="352" ncloc="352" packages="9" files="20" classes="20"/>
    <package name="src">
      <metrics statements="79" coveredstatements="70" conditionals="0" coveredconditionals="0" methods="10" coveredmethods="10"/>
      <file name="app.ts" path="/home/namratakarmakar/github.com/to-ts-tdd/src/app.ts">
        <metrics statements="16" coveredstatements="16" conditionals="0" coveredconditionals="0" methods="2" coveredmethods="2"/>
        <line num="1" count="25" type="stmt"/>
        <line num="2" count="25" type="stmt"/>
        <line num="3" count="25" type="stmt"/>
        <line num="4" count="25" type="stmt"/>
        <line num="5" count="25" type="stmt"/>
        <line num="7" count="25" type="stmt"/>
        <line num="8" count="25" type="stmt"/>
        <line num="10" count="25" type="stmt"/>
        <line num="24" count="25" type="stmt"/>
        <line num="26" count="25" type="stmt"/>
        <line num="27" count="1" type="stmt"/>
        <line num="30" count="25" type="stmt"/>
        <line num="32" count="25" type="stmt"/>
        <line num="33" count="25" type="stmt"/>
        <line num="34" count="25" type="stmt"/>
        <line num="36" count="25" type="stmt"/>
      </file>
      <file name="database.ts" path="/home/namratakarmakar/github.com/to-ts-tdd/src/database.ts">
        <metrics statements="63" coveredstatements="54" conditionals="0" coveredconditionals="0" methods="8" coveredmethods="8"/>
        <line num="2" count="25" type="stmt"/>
        <line num="3" count="25" type="stmt"/>
        <line num="7" count="232" type="stmt"/>
        <line num="8" count="232" type="stmt"/>
        <line num="11" count="232" type="stmt"/>
        <line num="12" count="232" type="stmt"/>
        <line num="14" count="0" type="stmt"/>
        <line num="20" count="54" type="stmt"/>
        <line num="21" count="54" type="stmt"/>
        <line num="22" count="54" type="stmt"/>
        <line num="23" count="54" type="stmt"/>
        <line num="25" count="0" type="stmt"/>
        <line num="26" count="0" type="stmt"/>
        <line num="28" count="54" type="stmt"/>
        <line num="34" count="45" type="stmt"/>
        <line num="35" count="45" type="stmt"/>
        <line num="36" count="45" type="stmt"/>
        <line num="37" count="45" type="stmt"/>
        <line num="38" count="45" type="stmt"/>
        <line num="39" count="45" type="stmt"/>
        <line num="41" count="0" type="stmt"/>
        <line num="43" count="45" type="stmt"/>
        <line num="49" count="87" type="stmt"/>
        <line num="50" count="87" type="stmt"/>
        <line num="51" count="87" type="stmt"/>
        <line num="52" count="87" type="stmt"/>
        <line num="53" count="87" type="stmt"/>
        <line num="57" count="87" type="stmt"/>
        <line num="59" count="0" type="stmt"/>
        <line num="61" count="87" type="stmt"/>
        <line num="67" count="4" type="stmt"/>
        <line num="68" count="4" type="stmt"/>
        <line num="69" count="4" type="stmt"/>
        <line num="70" count="4" type="stmt"/>
        <line num="71" count="4" type="stmt"/>
        <line num="74" count="4" type="stmt"/>
        <line num="76" count="0" type="stmt"/>
        <line num="78" count="4" type="stmt"/>
        <line num="84" count="30" type="stmt"/>
        <line num="85" count="30" type="stmt"/>
        <line num="86" count="30" type="stmt"/>
        <line num="87" count="30" type="stmt"/>
        <line num="88" count="30" type="stmt"/>
        <line num="92" count="30" type="stmt"/>
        <line num="94" count="0" type="stmt"/>
        <line num="96" count="30" type="stmt"/>
        <line num="102" count="10" type="stmt"/>
        <line num="103" count="10" type="stmt"/>
        <line num="104" count="10" type="stmt"/>
        <line num="105" count="10" type="stmt"/>
        <line num="106" count="10" type="stmt"/>
        <line num="111" count="10" type="stmt"/>
        <line num="113" count="0" type="stmt"/>
        <line num="115" count="10" type="stmt"/>
        <line num="121" count="2" type="stmt"/>
        <line num="122" count="2" type="stmt"/>
        <line num="123" count="2" type="stmt"/>
        <line num="124" count="2" type="stmt"/>
        <line num="125" count="2" type="stmt"/>
        <line num="129" count="2" type="stmt"/>
        <line num="131" count="0" type="stmt"/>
        <line num="133" count="2" type="stmt"/>
        <line num="168" count="25" type="stmt"/>
      </file>
    </package>
    <package name="src.authentication">
      <metrics statements="8" coveredstatements="7" conditionals="0" coveredconditionals="0" methods="1" coveredmethods="1"/>
      <file name="user-authentication.ts" path="/home/namratakarmakar/github.com/to-ts-tdd/src/authentication/user-authentication.ts">
        <metrics statements="8" coveredstatements="7" conditionals="0" coveredconditionals="0" methods="1" coveredmethods="1"/>
        <line num="1" count="25" type="stmt"/>
        <line num="8" count="22" type="stmt"/>
        <line num="9" count="22" type="stmt"/>
        <line num="14" count="22" type="stmt"/>
        <line num="15" count="22" type="stmt"/>
        <line num="16" count="22" type="stmt"/>
        <line num="18" count="0" type="stmt"/>
        <line num="23" count="25" type="stmt"/>
      </file>
    </package>
    <package name="src.config">
      <metrics statements="6" coveredstatements="6" conditionals="0" coveredconditionals="0" methods="0" coveredmethods="0"/>
      <file name="config.ts" path="/home/namratakarmakar/github.com/to-ts-tdd/src/config/config.ts">
        <metrics statements="6" coveredstatements="6" conditionals="0" coveredconditionals="0" methods="0" coveredmethods="0"/>
        <line num="1" count="25" type="stmt"/>
        <line num="3" count="25" type="stmt"/>
        <line num="37" count="25" type="stmt"/>
        <line num="38" count="25" type="stmt"/>
        <line num="41" count="25" type="stmt"/>
        <line num="43" count="25" type="stmt"/>
      </file>
    </package>
    <package name="src.middlewares">
      <metrics statements="17" coveredstatements="17" conditionals="6" coveredconditionals="6" methods="4" coveredmethods="4"/>
      <file name="jwt-middleware.ts" path="/home/namratakarmakar/github.com/to-ts-tdd/src/middlewares/jwt-middleware.ts">
        <metrics statements="11" coveredstatements="11" conditionals="4" coveredconditionals="4" methods="3" coveredmethods="3"/>
        <line num="1" count="25" type="stmt"/>
        <line num="2" count="25" type="stmt"/>
        <line num="6" count="21" type="stmt"/>
        <line num="12" count="84" type="stmt"/>
        <line num="13" count="84" type="cond" truecount="2" falsecount="0"/>
        <line num="14" count="6" type="stmt"/>
        <line num="16" count="78" type="stmt"/>
        <line num="17" count="78" type="cond" truecount="2" falsecount="0"/>
        <line num="18" count="6" type="stmt"/>
        <line num="20" count="72" type="stmt"/>
        <line num="27" count="25" type="stmt"/>
      </file>
      <file name="schema-validation-error-middleware.ts" path="/home/namratakarmakar/github.com/to-ts-tdd/src/middlewares/schema-validation-error-middleware.ts">
        <metrics statements="6" coveredstatements="6" conditionals="2" coveredconditionals="2" methods="1" coveredmethods="1"/>
        <line num="1" count="25" type="stmt"/>
        <line num="5" count="120" type="stmt"/>
        <line num="6" count="120" type="cond" truecount="2" falsecount="0"/>
        <line num="7" count="29" type="stmt"/>
        <line num="9" count="91" type="stmt"/>
        <line num="14" count="25" type="stmt"/>
      </file>
    </package>
    <package name="src.routers">
      <metrics statements="141" coveredstatements="117" conditionals="6" coveredconditionals="6" methods="18" coveredmethods="18"/>
      <file name="todo-router.ts" path="/home/namratakarmakar/github.com/to-ts-tdd/src/routers/todo-router.ts">
        <metrics statements="82" coveredstatements="67" conditionals="0" coveredconditionals="0" methods="11" coveredmethods="11"/>
        <line num="2" count="25" type="stmt"/>
        <line num="3" count="25" type="stmt"/>
        <line num="4" count="25" type="stmt"/>
        <line num="5" count="25" type="stmt"/>
        <line num="6" count="25" type="stmt"/>
        <line num="7" count="25" type="stmt"/>
        <line num="8" count="25" type="stmt"/>
        <line num="12" count="25" type="stmt"/>
        <line num="13" count="25" type="stmt"/>
        <line num="17" count="25" type="stmt"/>
        <line num="19" count="25" type="stmt"/>
        <line num="23" count="23" type="stmt"/>
        <line num="24" count="23" type="stmt"/>
        <line num="25" count="23" type="stmt"/>
        <line num="26" count="23" type="stmt"/>
        <line num="27" count="23" type="stmt"/>
        <line num="28" count="23" type="stmt"/>
        <line num="32" count="23" type="stmt"/>
        <line num="33" count="23" type="stmt"/>
        <line num="34" count="23" type="stmt"/>
        <line num="36" count="0" type="stmt"/>
        <line num="37" count="0" type="stmt"/>
        <line num="38" count="0" type="stmt"/>
        <line num="40" count="23" type="stmt"/>
        <line num="45" count="25" type="stmt"/>
        <line num="49" count="4" type="stmt"/>
        <line num="50" count="4" type="stmt"/>
        <line num="51" count="4" type="stmt"/>
        <line num="52" count="4" type="stmt"/>
        <line num="53" count="4" type="stmt"/>
        <line num="54" count="4" type="stmt"/>
        <line num="59" count="4" type="stmt"/>
        <line num="60" count="4" type="stmt"/>
        <line num="61" count="4" type="stmt"/>
        <line num="63" count="0" type="stmt"/>
        <line num="64" count="0" type="stmt"/>
        <line num="65" count="0" type="stmt"/>
        <line num="67" count="4" type="stmt"/>
        <line num="72" count="25" type="stmt"/>
        <line num="76" count="4" type="stmt"/>
        <line num="78" count="4" type="stmt"/>
        <line num="79" count="4" type="stmt"/>
        <line num="80" count="4" type="stmt"/>
        <line num="81" count="4" type="stmt"/>
        <line num="86" count="4" type="stmt"/>
        <line num="87" count="4" type="stmt"/>
        <line num="88" count="4" type="stmt"/>
        <line num="90" count="0" type="stmt"/>
        <line num="91" count="0" type="stmt"/>
        <line num="92" count="0" type="stmt"/>
        <line num="94" count="4" type="stmt"/>
        <line num="99" count="25" type="stmt"/>
        <line num="103" count="10" type="stmt"/>
        <line num="104" count="10" type="stmt"/>
        <line num="105" count="10" type="stmt"/>
        <line num="106" count="10" type="stmt"/>
        <line num="107" count="10" type="stmt"/>
        <line num="108" count="10" type="stmt"/>
        <line num="109" count="10" type="stmt"/>
        <line num="115" count="10" type="stmt"/>
        <line num="116" count="10" type="stmt"/>
        <line num="117" count="10" type="stmt"/>
        <line num="119" count="0" type="stmt"/>
        <line num="120" count="0" type="stmt"/>
        <line num="121" count="0" type="stmt"/>
        <line num="123" count="10" type="stmt"/>
        <line num="128" count="25" type="stmt"/>
        <line num="132" count="2" type="stmt"/>
        <line num="133" count="2" type="stmt"/>
        <line num="134" count="2" type="stmt"/>
        <line num="135" count="2" type="stmt"/>
        <line num="136" count="2" type="stmt"/>
        <line num="137" count="2" type="stmt"/>
        <line num="142" count="2" type="stmt"/>
        <line num="143" count="2" type="stmt"/>
        <line num="144" count="2" type="stmt"/>
        <line num="146" count="0" type="stmt"/>
        <line num="147" count="0" type="stmt"/>
        <line num="148" count="0" type="stmt"/>
        <line num="150" count="2" type="stmt"/>
        <line num="155" count="25" type="stmt"/>
        <line num="159" count="25" type="stmt"/>
      </file>
      <file name="user-router.ts" path="/home/namratakarmakar/github.com/to-ts-tdd/src/routers/user-router.ts">
        <metrics statements="59" coveredstatements="50" conditionals="6" coveredconditionals="6" methods="7" coveredmethods="7"/>
        <line num="2" count="25" type="stmt"/>
        <line num="3" count="25" type="stmt"/>
        <line num="4" count="25" type="stmt"/>
        <line num="5" count="25" type="stmt"/>
        <line num="6" count="25" type="stmt"/>
        <line num="7" count="25" type="stmt"/>
        <line num="8" count="25" type="stmt"/>
        <line num="9" count="25" type="stmt"/>
        <line num="10" count="25" type="stmt"/>
        <line num="14" count="50" type="stmt"/>
        <line num="16" count="50" type="stmt"/>
        <line num="20" count="22" type="stmt"/>
        <line num="21" count="22" type="stmt"/>
        <line num="22" count="22" type="stmt"/>
        <line num="23" count="22" type="stmt"/>
        <line num="24" count="22" type="stmt"/>
        <line num="28" count="22" type="stmt"/>
        <line num="29" count="22" type="stmt"/>
        <line num="30" count="22" type="stmt"/>
        <line num="32" count="0" type="stmt"/>
        <line num="33" count="0" type="stmt"/>
        <line num="34" count="0" type="stmt"/>
        <line num="36" count="22" type="stmt"/>
        <line num="41" count="50" type="stmt"/>
        <line num="45" count="22" type="stmt"/>
        <line num="46" count="22" type="stmt"/>
        <line num="47" count="22" type="stmt"/>
        <line num="48" count="22" type="stmt"/>
        <line num="49" count="22" type="stmt"/>
        <line num="50" count="22" type="stmt"/>
        <line num="51" count="22" type="stmt"/>
        <line num="55" count="22" type="cond" truecount="4" falsecount="0"/>
        <line num="56" count="21" type="stmt"/>
        <line num="60" count="21" type="stmt"/>
        <line num="62" count="1" type="stmt"/>
        <line num="63" count="1" type="stmt"/>
        <line num="66" count="0" type="stmt"/>
        <line num="67" count="0" type="stmt"/>
        <line num="68" count="0" type="stmt"/>
        <line num="70" count="22" type="stmt"/>
        <line num="75" count="50" type="stmt"/>
        <line num="79" count="4" type="stmt"/>
        <line num="81" count="4" type="stmt"/>
        <line num="82" count="4" type="stmt"/>
        <line num="83" count="4" type="stmt"/>
        <line num="84" count="4" type="stmt"/>
        <line num="89" count="4" type="stmt"/>
        <line num="90" count="4" type="stmt"/>
        <line num="91" count="4" type="cond" truecount="2" falsecount="0"/>
        <line num="92" count="3" type="stmt"/>
        <line num="93" count="3" type="stmt"/>
        <line num="95" count="1" type="stmt"/>
        <line num="96" count="1" type="stmt"/>
        <line num="99" count="0" type="stmt"/>
        <line num="100" count="0" type="stmt"/>
        <line num="101" count="0" type="stmt"/>
        <line num="103" count="4" type="stmt"/>
        <line num="108" count="50" type="stmt"/>
        <line num="112" count="25" type="stmt"/>
      </file>
    </package>
    <package name="src.validations">
      <metrics statements="13" coveredstatements="13" conditionals="0" coveredconditionals="0" methods="2" coveredmethods="2"/>
      <file name="id-validation.ts" path="/home/namratakarmakar/github.com/to-ts-tdd/src/validations/id-validation.ts">
        <metrics statements="10" coveredstatements="10" conditionals="0" coveredconditionals="0" methods="1" coveredmethods="1"/>
        <line num="1" count="25" type="stmt"/>
        <line num="2" count="25" type="stmt"/>
        <line num="6" count="25" type="stmt"/>
        <line num="8" count="25" type="stmt"/>
        <line num="9" count="22" type="stmt"/>
        <line num="14" count="22" type="stmt"/>
        <line num="15" count="22" type="stmt"/>
        <line num="16" count="22" type="stmt"/>
        <line num="18" count="3" type="stmt"/>
        <line num="23" count="25" type="stmt"/>
      </file>
      <file name="schema-middleware.ts" path="/home/namratakarmakar/github.com/to-ts-tdd/src/validations/schema-middleware.ts">
        <metrics statements="3" coveredstatements="3" conditionals="0" coveredconditionals="0" methods="1" coveredmethods="1"/>
        <line num="1" count="25" type="stmt"/>
        <line num="5" count="275" type="stmt"/>
        <line num="9" count="25" type="stmt"/>
      </file>
    </package>
    <package name="src.validations.login-validations">
      <metrics statements="6" coveredstatements="6" conditionals="0" coveredconditionals="0" methods="0" coveredmethods="0"/>
      <file name="login-schema-validations.ts" path="/home/namratakarmakar/github.com/to-ts-tdd/src/validations/login-validations/login-schema-validations.ts">
        <metrics statements="3" coveredstatements="3" conditionals="0" coveredconditionals="0" methods="0" coveredmethods="0"/>
        <line num="1" count="25" type="stmt"/>
        <line num="6" count="25" type="stmt"/>
        <line num="22" count="25" type="stmt"/>
      </file>
      <file name="username-validation.ts" path="/home/namratakarmakar/github.com/to-ts-tdd/src/validations/login-validations/username-validation.ts">
        <metrics statements="3" coveredstatements="3" conditionals="0" coveredconditionals="0" methods="0" coveredmethods="0"/>
        <line num="1" count="25" type="stmt"/>
        <line num="3" count="25" type="stmt"/>
        <line num="14" count="25" type="stmt"/>
      </file>
    </package>
    <package name="src.validations.signup-validations">
      <metrics statements="27" coveredstatements="27" conditionals="2" coveredconditionals="2" methods="6" coveredmethods="6"/>
      <file name="dob-validation.ts" path="/home/namratakarmakar/github.com/to-ts-tdd/src/validations/signup-validations/dob-validation.ts">
        <metrics statements="7" coveredstatements="7" conditionals="0" coveredconditionals="0" methods="1" coveredmethods="1"/>
        <line num="3" count="31" type="stmt"/>
        <line num="4" count="31" type="stmt"/>
        <line num="5" count="31" type="stmt"/>
        <line num="6" count="31" type="stmt"/>
        <line num="7" count="31" type="stmt"/>
        <line num="12" count="31" type="stmt"/>
        <line num="16" count="25" type="stmt"/>
      </file>
      <file name="signup-schema-validations.ts" path="/home/namratakarmakar/github.com/to-ts-tdd/src/validations/signup-validations/signup-schema-validations.ts">
        <metrics statements="11" coveredstatements="11" conditionals="0" coveredconditionals="0" methods="4" coveredmethods="4"/>
        <line num="1" count="25" type="stmt"/>
        <line num="7" count="25" type="stmt"/>
        <line num="8" count="25" type="stmt"/>
        <line num="10" count="25" type="stmt"/>
        <line num="19" count="31" type="stmt"/>
        <line num="20" count="31" type="stmt"/>
        <line num="21" count="31" type="stmt"/>
        <line num="23" count="1" type="stmt"/>
        <line num="36" count="31" type="stmt"/>
        <line num="44" count="31" type="stmt"/>
        <line num="50" count="25" type="stmt"/>
      </file>
      <file name="unique-email-validation.ts" path="/home/namratakarmakar/github.com/to-ts-tdd/src/validations/signup-validations/unique-email-validation.ts">
        <metrics statements="9" coveredstatements="9" conditionals="2" coveredconditionals="2" methods="1" coveredmethods="1"/>
        <line num="1" count="25" type="stmt"/>
        <line num="5" count="31" type="stmt"/>
        <line num="6" count="31" type="stmt"/>
        <line num="11" count="31" type="stmt"/>
        <line num="12" count="31" type="stmt"/>
        <line num="13" count="31" type="cond" truecount="2" falsecount="0"/>
        <line num="14" count="1" type="stmt"/>
        <line num="17" count="1" type="stmt"/>
        <line num="22" count="25" type="stmt"/>
      </file>
    </package>
    <package name="src.validations.todo-validations">
      <metrics statements="55" coveredstatements="55" conditionals="10" coveredconditionals="10" methods="13" coveredmethods="13"/>
      <file name="delete-todo-schema-validations.ts" path="/home/namratakarmakar/github.com/to-ts-tdd/src/validations/todo-validations/delete-todo-schema-validations.ts">
        <metrics statements="9" coveredstatements="9" conditionals="2" coveredconditionals="2" methods="2" coveredmethods="2"/>
        <line num="1" count="25" type="stmt"/>
        <line num="4" count="25" type="stmt"/>
        <line num="6" count="25" type="stmt"/>
        <line num="15" count="4" type="stmt"/>
        <line num="16" count="4" type="stmt"/>
        <line num="17" count="4" type="stmt"/>
        <line num="18" count="3" type="cond" truecount="2" falsecount="0"/>
        <line num="20" count="2" type="stmt"/>
        <line num="28" count="25" type="stmt"/>
      </file>
      <file name="get-todo-schema-validations.ts" path="/home/namratakarmakar/github.com/to-ts-tdd/src/validations/todo-validations/get-todo-schema-validations.ts">
        <metrics statements="16" coveredstatements="16" conditionals="4" coveredconditionals="4" methods="4" coveredmethods="4"/>
        <line num="1" count="25" type="stmt"/>
        <line num="5" count="25" type="stmt"/>
        <line num="6" count="25" type="stmt"/>
        <line num="8" count="25" type="stmt"/>
        <line num="17" count="6" type="stmt"/>
        <line num="18" count="6" type="stmt"/>
        <line num="19" count="6" type="stmt"/>
        <line num="20" count="5" type="cond" truecount="2" falsecount="0"/>
        <line num="22" count="2" type="stmt"/>
        <line num="30" count="25" type="stmt"/>
        <line num="39" count="6" type="stmt"/>
        <line num="40" count="6" type="stmt"/>
        <line num="41" count="6" type="stmt"/>
        <line num="42" count="5" type="cond" truecount="2" falsecount="0"/>
        <line num="44" count="2" type="stmt"/>
        <line num="52" count="25" type="stmt"/>
      </file>
      <file name="post-todo-schema-validations.ts" path="/home/namratakarmakar/github.com/to-ts-tdd/src/validations/todo-validations/post-todo-schema-validations.ts">
        <metrics statements="10" coveredstatements="10" conditionals="2" coveredconditionals="2" methods="3" coveredmethods="3"/>
        <line num="1" count="25" type="stmt"/>
        <line num="7" count="25" type="stmt"/>
        <line num="9" count="25" type="stmt"/>
        <line num="20" count="31" type="stmt"/>
        <line num="32" count="31" type="stmt"/>
        <line num="33" count="31" type="stmt"/>
        <line num="34" count="31" type="stmt"/>
        <line num="35" count="29" type="cond" truecount="2" falsecount="0"/>
        <line num="37" count="3" type="stmt"/>
        <line num="50" count="25" type="stmt"/>
      </file>
      <file name="update-todo-schema-validations.ts" path="/home/namratakarmakar/github.com/to-ts-tdd/src/validations/todo-validations/update-todo-schema-validations.ts">
        <metrics statements="10" coveredstatements="10" conditionals="2" coveredconditionals="2" methods="3" coveredmethods="3"/>
        <line num="1" count="25" type="stmt"/>
        <line num="6" count="25" type="stmt"/>
        <line num="8" count="25" type="stmt"/>
        <line num="17" count="15" type="stmt"/>
        <line num="18" count="15" type="stmt"/>
        <line num="19" count="15" type="stmt"/>
        <line num="20" count="14" type="cond" truecount="2" falsecount="0"/>
        <line num="22" count="2" type="stmt"/>
        <line num="42" count="15" type="stmt"/>
        <line num="48" count="25" type="stmt"/>
      </file>
      <file name="userID-validation.ts" path="/home/namratakarmakar/github.com/to-ts-tdd/src/validations/todo-validations/userID-validation.ts">
        <metrics statements="10" coveredstatements="10" conditionals="0" coveredconditionals="0" methods="1" coveredmethods="1"/>
        <line num="1" count="25" type="stmt"/>
        <line num="2" count="25" type="stmt"/>
        <line num="6" count="37" type="stmt"/>
        <line num="8" count="37" type="stmt"/>
        <line num="9" count="34" type="stmt"/>
        <line num="14" count="34" type="stmt"/>
        <line num="15" count="34" type="stmt"/>
        <line num="16" count="34" type="stmt"/>
        <line num="18" count="3" type="stmt"/>
        <line num="23" count="25" type="stmt"/>
      </file>
    </package>
  </project>
</coverage>
