{"/home/namrata/github.com/to-ts-tdd/src/app.ts": {"path":"/home/namrata/github.com/to-ts-tdd/src/app.ts","statementMap":{"0":{"start":{"line":1,"column":0},"end":{"line":1,"column":30}},"1":{"start":{"line":2,"column":0},"end":{"line":2,"column":51}},"2":{"start":{"line":3,"column":0},"end":{"line":3,"column":51}},"3":{"start":{"line":4,"column":0},"end":{"line":4,"column":61}},"4":{"start":{"line":5,"column":0},"end":{"line":5,"column":24}},"5":{"start":{"line":7,"column":12},"end":{"line":7,"column":21}},"6":{"start":{"line":36,"column":9},"end":{"line":36,"column":12}},"7":{"start":{"line":8,"column":0},"end":{"line":8,"column":24}},"8":{"start":{"line":10,"column":34},"end":{"line":22,"column":2}},"9":{"start":{"line":24,"column":0},"end":{"line":24,"column":23}},"10":{"start":{"line":26,"column":0},"end":{"line":28,"column":3}},"11":{"start":{"line":26,"column":39},"end":{"line":28,"column":2}},"12":{"start":{"line":27,"column":1},"end":{"line":27,"column":24}},"13":{"start":{"line":30,"column":0},"end":{"line":30,"column":45}},"14":{"start":{"line":32,"column":0},"end":{"line":32,"column":45}},"15":{"start":{"line":33,"column":0},"end":{"line":33,"column":49}},"16":{"start":{"line":34,"column":0},"end":{"line":34,"column":49}}},"fnMap":{"0":{"name":"(anonymous_8)","decl":{"start":{"line":26,"column":20},"end":{"line":26,"column":27}},"loc":{"start":{"line":26,"column":39},"end":{"line":28,"column":2}}},"1":{"name":"(anonymous_9)","decl":{"start":{"line":26,"column":39},"end":{"line":26,"column":null}},"loc":{"start":{"line":26,"column":39},"end":{"line":28,"column":1}}}},"branchMap":{},"s":{"0":25,"1":25,"2":25,"3":25,"4":25,"5":25,"6":25,"7":25,"8":25,"9":25,"10":25,"11":1,"12":1,"13":25,"14":25,"15":25,"16":25},"f":{"0":1,"1":1},"b":{}}
,"/home/namrata/github.com/to-ts-tdd/src/database.ts": {"path":"/home/namrata/github.com/to-ts-tdd/src/database.ts","statementMap":{"0":{"start":{"line":2,"column":0},"end":{"line":2,"column":38}},"1":{"start":{"line":3,"column":0},"end":{"line":3,"column":41}},"2":{"start":{"line":7,"column":4},"end":{"line":15,"column":null}},"3":{"start":{"line":8,"column":21},"end":{"line":10,"column":8}},"4":{"start":{"line":11,"column":25},"end":{"line":11,"column":47}},"5":{"start":{"line":12,"column":6},"end":{"line":12,"column":24}},"6":{"start":{"line":14,"column":6},"end":{"line":14,"column":14}},"7":{"start":{"line":20,"column":4},"end":{"line":29,"column":null}},"8":{"start":{"line":21,"column":6},"end":{"line":21,"column":42}},"9":{"start":{"line":22,"column":17},"end":{"line":22,"column":48}},"10":{"start":{"line":23,"column":6},"end":{"line":23,"column":30}},"11":{"start":{"line":25,"column":6},"end":{"line":25,"column":47}},"12":{"start":{"line":26,"column":6},"end":{"line":26,"column":14}},"13":{"start":{"line":28,"column":6},"end":{"line":28,"column":21}},"14":{"start":{"line":34,"column":4},"end":{"line":44,"column":null}},"15":{"start":{"line":35,"column":6},"end":{"line":35,"column":42}},"16":{"start":{"line":36,"column":17},"end":{"line":36,"column":48}},"17":{"start":{"line":37,"column":25},"end":{"line":37,"column":66}},"18":{"start":{"line":38,"column":19},"end":{"line":38,"column":67}},"19":{"start":{"line":39,"column":6},"end":{"line":39,"column":18}},"20":{"start":{"line":41,"column":6},"end":{"line":41,"column":14}},"21":{"start":{"line":43,"column":6},"end":{"line":43,"column":21}},"22":{"start":{"line":49,"column":4},"end":{"line":62,"column":null}},"23":{"start":{"line":50,"column":6},"end":{"line":50,"column":42}},"24":{"start":{"line":51,"column":17},"end":{"line":51,"column":48}},"25":{"start":{"line":52,"column":25},"end":{"line":52,"column":62}},"26":{"start":{"line":53,"column":27},"end":{"line":55,"column":null}},"27":{"start":{"line":57,"column":6},"end":{"line":57,"column":18}},"28":{"start":{"line":59,"column":6},"end":{"line":59,"column":14}},"29":{"start":{"line":61,"column":6},"end":{"line":61,"column":21}},"30":{"start":{"line":67,"column":4},"end":{"line":79,"column":null}},"31":{"start":{"line":68,"column":6},"end":{"line":68,"column":42}},"32":{"start":{"line":69,"column":17},"end":{"line":69,"column":48}},"33":{"start":{"line":70,"column":25},"end":{"line":70,"column":61}},"34":{"start":{"line":71,"column":19},"end":{"line":73,"column":18}},"35":{"start":{"line":74,"column":6},"end":{"line":74,"column":18}},"36":{"start":{"line":76,"column":6},"end":{"line":76,"column":14}},"37":{"start":{"line":78,"column":6},"end":{"line":78,"column":21}},"38":{"start":{"line":84,"column":4},"end":{"line":97,"column":null}},"39":{"start":{"line":85,"column":6},"end":{"line":85,"column":42}},"40":{"start":{"line":86,"column":17},"end":{"line":86,"column":48}},"41":{"start":{"line":87,"column":25},"end":{"line":87,"column":64}},"42":{"start":{"line":88,"column":19},"end":{"line":90,"column":null}},"43":{"start":{"line":92,"column":6},"end":{"line":92,"column":18}},"44":{"start":{"line":94,"column":6},"end":{"line":94,"column":14}},"45":{"start":{"line":96,"column":6},"end":{"line":96,"column":21}},"46":{"start":{"line":102,"column":4},"end":{"line":116,"column":null}},"47":{"start":{"line":103,"column":6},"end":{"line":103,"column":42}},"48":{"start":{"line":104,"column":17},"end":{"line":104,"column":48}},"49":{"start":{"line":105,"column":25},"end":{"line":105,"column":66}},"50":{"start":{"line":106,"column":19},"end":{"line":109,"column":null}},"51":{"start":{"line":111,"column":6},"end":{"line":111,"column":18}},"52":{"start":{"line":113,"column":6},"end":{"line":113,"column":14}},"53":{"start":{"line":115,"column":6},"end":{"line":115,"column":21}},"54":{"start":{"line":121,"column":4},"end":{"line":134,"column":null}},"55":{"start":{"line":122,"column":6},"end":{"line":122,"column":42}},"56":{"start":{"line":123,"column":17},"end":{"line":123,"column":48}},"57":{"start":{"line":124,"column":25},"end":{"line":124,"column":66}},"58":{"start":{"line":125,"column":19},"end":{"line":127,"column":null}},"59":{"start":{"line":129,"column":6},"end":{"line":129,"column":18}},"60":{"start":{"line":131,"column":6},"end":{"line":131,"column":14}},"61":{"start":{"line":133,"column":6},"end":{"line":133,"column":21}},"62":{"start":{"line":168,"column":9},"end":{"line":168,"column":17}}},"fnMap":{"0":{"name":"(anonymous_7)","decl":{"start":{"line":6,"column":8},"end":{"line":6,"column":21}},"loc":{"start":{"line":6,"column":21},"end":{"line":16,"column":null}}},"1":{"name":"(anonymous_9)","decl":{"start":{"line":18,"column":8},"end":{"line":18,"column":20}},"loc":{"start":{"line":18,"column":20},"end":{"line":30,"column":null}}},"2":{"name":"(anonymous_11)","decl":{"start":{"line":32,"column":8},"end":{"line":32,"column":17}},"loc":{"start":{"line":32,"column":47},"end":{"line":45,"column":null}}},"3":{"name":"(anonymous_13)","decl":{"start":{"line":47,"column":8},"end":{"line":47,"column":22}},"loc":{"start":{"line":47,"column":47},"end":{"line":63,"column":null}}},"4":{"name":"(anonymous_15)","decl":{"start":{"line":65,"column":8},"end":{"line":65,"column":12}},"loc":{"start":{"line":65,"column":35},"end":{"line":80,"column":null}}},"5":{"name":"(anonymous_17)","decl":{"start":{"line":82,"column":8},"end":{"line":82,"column":15}},"loc":{"start":{"line":82,"column":41},"end":{"line":98,"column":null}}},"6":{"name":"(anonymous_19)","decl":{"start":{"line":100,"column":8},"end":{"line":100,"column":17}},"loc":{"start":{"line":100,"column":47},"end":{"line":117,"column":null}}},"7":{"name":"(anonymous_21)","decl":{"start":{"line":119,"column":8},"end":{"line":119,"column":17}},"loc":{"start":{"line":119,"column":47},"end":{"line":135,"column":null}}}},"branchMap":{},"s":{"0":25,"1":25,"2":231,"3":231,"4":231,"5":231,"6":0,"7":54,"8":54,"9":54,"10":54,"11":0,"12":0,"13":54,"14":45,"15":45,"16":45,"17":45,"18":45,"19":45,"20":0,"21":45,"22":108,"23":108,"24":108,"25":108,"26":108,"27":108,"28":0,"29":108,"30":4,"31":4,"32":4,"33":4,"34":4,"35":4,"36":0,"37":4,"38":8,"39":8,"40":8,"41":8,"42":8,"43":8,"44":0,"45":8,"46":10,"47":10,"48":10,"49":10,"50":10,"51":10,"52":0,"53":10,"54":2,"55":2,"56":2,"57":2,"58":2,"59":2,"60":0,"61":2,"62":25},"f":{"0":231,"1":54,"2":45,"3":108,"4":4,"5":8,"6":10,"7":2},"b":{}}
,"/home/namrata/github.com/to-ts-tdd/src/authentication/user-authentication.ts": {"path":"/home/namrata/github.com/to-ts-tdd/src/authentication/user-authentication.ts","statementMap":{"0":{"start":{"line":1,"column":0},"end":{"line":1,"column":52}},"1":{"start":{"line":8,"column":4},"end":{"line":19,"column":null}},"2":{"start":{"line":9,"column":39},"end":{"line":13,"column":8}},"3":{"start":{"line":14,"column":17},"end":{"line":14,"column":31}},"4":{"start":{"line":15,"column":20},"end":{"line":15,"column":56}},"5":{"start":{"line":16,"column":6},"end":{"line":16,"column":19}},"6":{"start":{"line":18,"column":6},"end":{"line":18,"column":14}},"7":{"start":{"line":23,"column":9},"end":{"line":23,"column":27}}},"fnMap":{"0":{"name":"(anonymous_7)","decl":{"start":{"line":4,"column":2},"end":{"line":4,"column":8}},"loc":{"start":{"line":6,"column":20},"end":{"line":20,"column":null}}}},"branchMap":{},"s":{"0":25,"1":21,"2":21,"3":21,"4":21,"5":21,"6":0,"7":25},"f":{"0":21},"b":{}}
,"/home/namrata/github.com/to-ts-tdd/src/config/config.ts": {"path":"/home/namrata/github.com/to-ts-tdd/src/config/config.ts","statementMap":{"0":{"start":{"line":1,"column":0},"end":{"line":1,"column":30}},"1":{"start":{"line":3,"column":15},"end":{"line":34,"column":2}},"2":{"start":{"line":43,"column":9},"end":{"line":43,"column":15}},"3":{"start":{"line":37,"column":12},"end":{"line":37,"column":29}},"4":{"start":{"line":38,"column":0},"end":{"line":38,"column":44}},"5":{"start":{"line":41,"column":0},"end":{"line":41,"column":39}}},"fnMap":{},"branchMap":{},"s":{"0":25,"1":25,"2":25,"3":25,"4":25,"5":25},"f":{},"b":{}}
,"/home/namrata/github.com/to-ts-tdd/src/middlewares/jwt-middleware.ts": {"path":"/home/namrata/github.com/to-ts-tdd/src/middlewares/jwt-middleware.ts","statementMap":{"0":{"start":{"line":1,"column":0},"end":{"line":1,"column":40}},"1":{"start":{"line":2,"column":0},"end":{"line":2,"column":42}},"2":{"start":{"line":6,"column":4},"end":{"line":8,"column":7}},"3":{"start":{"line":12,"column":24},"end":{"line":12,"column":53}},"4":{"start":{"line":13,"column":4},"end":{"line":23,"column":null}},"5":{"start":{"line":14,"column":6},"end":{"line":14,"column":62}},"6":{"start":{"line":16,"column":6},"end":{"line":22,"column":9}},"7":{"start":{"line":17,"column":8},"end":{"line":21,"column":null}},"8":{"start":{"line":18,"column":10},"end":{"line":18,"column":36}},"9":{"start":{"line":20,"column":10},"end":{"line":20,"column":17}},"10":{"start":{"line":27,"column":9},"end":{"line":27,"column":22}}},"fnMap":{"0":{"name":"(anonymous_1)","decl":{"start":{"line":5,"column":2},"end":{"line":5,"column":8}},"loc":{"start":{"line":5,"column":20},"end":{"line":9,"column":3}}},"1":{"name":"(anonymous_2)","decl":{"start":{"line":11,"column":2},"end":{"line":11,"column":8}},"loc":{"start":{"line":11,"column":35},"end":{"line":24,"column":3}}},"2":{"name":"(anonymous_3)","decl":{"start":{"line":16,"column":59},"end":{"line":16,"column":60}},"loc":{"start":{"line":16,"column":67},"end":{"line":22,"column":7}}}},"branchMap":{"0":{"loc":{"start":{"line":13,"column":4},"end":{"line":23,"column":null}},"type":"if","locations":[{"start":{"line":13,"column":4},"end":{"line":23,"column":null}},{"start":{"line":13,"column":4},"end":{"line":23,"column":null}}]},"1":{"loc":{"start":{"line":17,"column":8},"end":{"line":21,"column":null}},"type":"if","locations":[{"start":{"line":17,"column":8},"end":{"line":21,"column":null}},{"start":{"line":17,"column":8},"end":{"line":21,"column":null}}]}},"s":{"0":25,"1":25,"2":20,"3":84,"4":84,"5":6,"6":78,"7":78,"8":6,"9":72,"10":25},"f":{"0":20,"1":84,"2":78},"b":{"0":[6,78],"1":[6,72]}}
,"/home/namrata/github.com/to-ts-tdd/src/middlewares/schema-validation-error-middleware.ts": {"path":"/home/namrata/github.com/to-ts-tdd/src/middlewares/schema-validation-error-middleware.ts","statementMap":{"0":{"start":{"line":1,"column":0},"end":{"line":1,"column":78}},"1":{"start":{"line":5,"column":44},"end":{"line":5,"column":65}},"2":{"start":{"line":6,"column":4},"end":{"line":10,"column":null}},"3":{"start":{"line":7,"column":6},"end":{"line":7,"column":55}},"4":{"start":{"line":9,"column":6},"end":{"line":9,"column":13}},"5":{"start":{"line":14,"column":9},"end":{"line":14,"column":40}}},"fnMap":{"0":{"name":"(anonymous_0)","decl":{"start":{"line":4,"column":2},"end":{"line":4,"column":8}},"loc":{"start":{"line":4,"column":32},"end":{"line":11,"column":3}}}},"branchMap":{"0":{"loc":{"start":{"line":6,"column":4},"end":{"line":10,"column":null}},"type":"if","locations":[{"start":{"line":6,"column":4},"end":{"line":10,"column":null}},{"start":{"line":6,"column":4},"end":{"line":10,"column":null}}]}},"s":{"0":25,"1":119,"2":119,"3":29,"4":90,"5":25},"f":{"0":119},"b":{"0":[29,90]}}
,"/home/namrata/github.com/to-ts-tdd/src/routers/todo-router.ts": {"path":"/home/namrata/github.com/to-ts-tdd/src/routers/todo-router.ts","statementMap":{"0":{"start":{"line":2,"column":0},"end":{"line":2,"column":52}},"1":{"start":{"line":3,"column":0},"end":{"line":3,"column":35}},"2":{"start":{"line":4,"column":0},"end":{"line":4,"column":65}},"3":{"start":{"line":5,"column":0},"end":{"line":5,"column":100}},"4":{"start":{"line":6,"column":0},"end":{"line":6,"column":68}},"5":{"start":{"line":7,"column":0},"end":{"line":7,"column":94}},"6":{"start":{"line":8,"column":0},"end":{"line":8,"column":null}},"7":{"start":{"line":12,"column":0},"end":{"line":12,"column":102}},"8":{"start":{"line":13,"column":0},"end":{"line":13,"column":102}},"9":{"start":{"line":17,"column":19},"end":{"line":17,"column":27}},"10":{"start":{"line":19,"column":4},"end":{"line":43,"column":6}},"11":{"start":{"line":23,"column":44},"end":{"line":42,"column":null}},"12":{"start":{"line":24,"column":23},"end":{"line":24,"column":25}},"13":{"start":{"line":25,"column":21},"end":{"line":25,"column":22}},"14":{"start":{"line":26,"column":8},"end":{"line":41,"column":null}},"15":{"start":{"line":27,"column":23},"end":{"line":27,"column":31}},"16":{"start":{"line":28,"column":48},"end":{"line":31,"column":12}},"17":{"start":{"line":32,"column":21},"end":{"line":32,"column":35}},"18":{"start":{"line":33,"column":10},"end":{"line":33,"column":57}},"19":{"start":{"line":34,"column":10},"end":{"line":34,"column":23}},"20":{"start":{"line":36,"column":10},"end":{"line":36,"column":59}},"21":{"start":{"line":37,"column":10},"end":{"line":37,"column":31}},"22":{"start":{"line":38,"column":10},"end":{"line":38,"column":23}},"23":{"start":{"line":40,"column":10},"end":{"line":40,"column":44}},"24":{"start":{"line":45,"column":4},"end":{"line":70,"column":6}},"25":{"start":{"line":49,"column":44},"end":{"line":69,"column":null}},"26":{"start":{"line":50,"column":23},"end":{"line":50,"column":25}},"27":{"start":{"line":51,"column":21},"end":{"line":51,"column":22}},"28":{"start":{"line":52,"column":27},"end":{"line":52,"column":37}},"29":{"start":{"line":53,"column":8},"end":{"line":68,"column":null}},"30":{"start":{"line":54,"column":41},"end":{"line":58,"column":12}},"31":{"start":{"line":59,"column":21},"end":{"line":59,"column":35}},"32":{"start":{"line":60,"column":10},"end":{"line":60,"column":47}},"33":{"start":{"line":61,"column":10},"end":{"line":61,"column":23}},"34":{"start":{"line":63,"column":10},"end":{"line":63,"column":59}},"35":{"start":{"line":64,"column":10},"end":{"line":64,"column":31}},"36":{"start":{"line":65,"column":10},"end":{"line":65,"column":23}},"37":{"start":{"line":67,"column":10},"end":{"line":67,"column":44}},"38":{"start":{"line":72,"column":4},"end":{"line":97,"column":6}},"39":{"start":{"line":76,"column":44},"end":{"line":96,"column":null}},"40":{"start":{"line":78,"column":21},"end":{"line":78,"column":22}},"41":{"start":{"line":79,"column":20},"end":{"line":79,"column":63}},"42":{"start":{"line":80,"column":8},"end":{"line":95,"column":null}},"43":{"start":{"line":81,"column":44},"end":{"line":85,"column":12}},"44":{"start":{"line":86,"column":21},"end":{"line":86,"column":35}},"45":{"start":{"line":87,"column":10},"end":{"line":87,"column":53}},"46":{"start":{"line":88,"column":10},"end":{"line":88,"column":23}},"47":{"start":{"line":90,"column":10},"end":{"line":90,"column":59}},"48":{"start":{"line":91,"column":10},"end":{"line":91,"column":31}},"49":{"start":{"line":92,"column":10},"end":{"line":92,"column":23}},"50":{"start":{"line":94,"column":10},"end":{"line":94,"column":44}},"51":{"start":{"line":99,"column":4},"end":{"line":126,"column":6}},"52":{"start":{"line":103,"column":44},"end":{"line":125,"column":null}},"53":{"start":{"line":104,"column":23},"end":{"line":104,"column":25}},"54":{"start":{"line":105,"column":21},"end":{"line":105,"column":22}},"55":{"start":{"line":106,"column":20},"end":{"line":106,"column":63}},"56":{"start":{"line":107,"column":8},"end":{"line":124,"column":null}},"57":{"start":{"line":108,"column":23},"end":{"line":108,"column":31}},"58":{"start":{"line":109,"column":34},"end":{"line":114,"column":12}},"59":{"start":{"line":115,"column":21},"end":{"line":115,"column":35}},"60":{"start":{"line":116,"column":10},"end":{"line":116,"column":57}},"61":{"start":{"line":117,"column":10},"end":{"line":117,"column":23}},"62":{"start":{"line":119,"column":10},"end":{"line":119,"column":59}},"63":{"start":{"line":120,"column":10},"end":{"line":120,"column":31}},"64":{"start":{"line":121,"column":10},"end":{"line":121,"column":23}},"65":{"start":{"line":123,"column":10},"end":{"line":123,"column":44}},"66":{"start":{"line":128,"column":4},"end":{"line":153,"column":6}},"67":{"start":{"line":132,"column":25},"end":{"line":152,"column":null}},"68":{"start":{"line":133,"column":23},"end":{"line":133,"column":25}},"69":{"start":{"line":134,"column":21},"end":{"line":134,"column":22}},"70":{"start":{"line":135,"column":20},"end":{"line":135,"column":63}},"71":{"start":{"line":136,"column":8},"end":{"line":151,"column":null}},"72":{"start":{"line":137,"column":34},"end":{"line":141,"column":12}},"73":{"start":{"line":142,"column":21},"end":{"line":142,"column":35}},"74":{"start":{"line":143,"column":10},"end":{"line":143,"column":57}},"75":{"start":{"line":144,"column":10},"end":{"line":144,"column":23}},"76":{"start":{"line":146,"column":10},"end":{"line":146,"column":59}},"77":{"start":{"line":147,"column":10},"end":{"line":147,"column":31}},"78":{"start":{"line":148,"column":10},"end":{"line":148,"column":23}},"79":{"start":{"line":150,"column":10},"end":{"line":150,"column":44}},"80":{"start":{"line":155,"column":4},"end":{"line":155,"column":18}},"81":{"start":{"line":159,"column":9},"end":{"line":159,"column":19}}},"fnMap":{"0":{"name":"(anonymous_7)","decl":{"start":{"line":16,"column":2},"end":{"line":16,"column":8}},"loc":{"start":{"line":16,"column":22},"end":{"line":156,"column":3}}},"1":{"name":"(anonymous_8)","decl":{"start":{"line":23,"column":6},"end":{"line":23,"column":13}},"loc":{"start":{"line":23,"column":44},"end":{"line":42,"column":null}}},"2":{"name":"(anonymous_9)","decl":{"start":{"line":23,"column":44},"end":{"line":23,"column":null}},"loc":{"start":{"line":23,"column":44},"end":{"line":42,"column":7}}},"3":{"name":"(anonymous_10)","decl":{"start":{"line":49,"column":6},"end":{"line":49,"column":13}},"loc":{"start":{"line":49,"column":44},"end":{"line":69,"column":null}}},"4":{"name":"(anonymous_11)","decl":{"start":{"line":49,"column":44},"end":{"line":49,"column":null}},"loc":{"start":{"line":49,"column":44},"end":{"line":69,"column":7}}},"5":{"name":"(anonymous_12)","decl":{"start":{"line":76,"column":6},"end":{"line":76,"column":13}},"loc":{"start":{"line":76,"column":44},"end":{"line":96,"column":null}}},"6":{"name":"(anonymous_13)","decl":{"start":{"line":76,"column":44},"end":{"line":76,"column":null}},"loc":{"start":{"line":76,"column":44},"end":{"line":96,"column":7}}},"7":{"name":"(anonymous_14)","decl":{"start":{"line":103,"column":6},"end":{"line":103,"column":13}},"loc":{"start":{"line":103,"column":44},"end":{"line":125,"column":null}}},"8":{"name":"(anonymous_15)","decl":{"start":{"line":103,"column":44},"end":{"line":103,"column":null}},"loc":{"start":{"line":103,"column":44},"end":{"line":125,"column":7}}},"9":{"name":"(anonymous_16)","decl":{"start":{"line":132,"column":6},"end":{"line":132,"column":13}},"loc":{"start":{"line":132,"column":25},"end":{"line":152,"column":null}}},"10":{"name":"(anonymous_17)","decl":{"start":{"line":132,"column":25},"end":{"line":132,"column":null}},"loc":{"start":{"line":132,"column":25},"end":{"line":152,"column":7}}}},"branchMap":{},"s":{"0":25,"1":25,"2":25,"3":25,"4":25,"5":25,"6":25,"7":25,"8":25,"9":25,"10":25,"11":23,"12":23,"13":23,"14":23,"15":23,"16":23,"17":23,"18":23,"19":23,"20":0,"21":0,"22":0,"23":23,"24":25,"25":4,"26":4,"27":4,"28":4,"29":4,"30":4,"31":4,"32":4,"33":4,"34":0,"35":0,"36":0,"37":4,"38":25,"39":4,"40":4,"41":4,"42":4,"43":4,"44":4,"45":4,"46":4,"47":0,"48":0,"49":0,"50":4,"51":25,"52":10,"53":10,"54":10,"55":10,"56":10,"57":10,"58":10,"59":10,"60":10,"61":10,"62":0,"63":0,"64":0,"65":10,"66":25,"67":2,"68":2,"69":2,"70":2,"71":2,"72":2,"73":2,"74":2,"75":2,"76":0,"77":0,"78":0,"79":2,"80":25,"81":25},"f":{"0":25,"1":23,"2":23,"3":4,"4":4,"5":4,"6":4,"7":10,"8":10,"9":2,"10":2},"b":{}}
,"/home/namrata/github.com/to-ts-tdd/src/routers/user-router.ts": {"path":"/home/namrata/github.com/to-ts-tdd/src/routers/user-router.ts","statementMap":{"0":{"start":{"line":2,"column":0},"end":{"line":2,"column":52}},"1":{"start":{"line":4,"column":0},"end":{"line":4,"column":65}},"2":{"start":{"line":5,"column":0},"end":{"line":5,"column":91}},"3":{"start":{"line":6,"column":0},"end":{"line":6,"column":68}},"4":{"start":{"line":7,"column":0},"end":{"line":7,"column":75}},"5":{"start":{"line":8,"column":0},"end":{"line":8,"column":62}},"6":{"start":{"line":9,"column":0},"end":{"line":9,"column":88}},"7":{"start":{"line":10,"column":0},"end":{"line":10,"column":96}},"8":{"start":{"line":11,"column":0},"end":{"line":11,"column":100}},"9":{"start":{"line":15,"column":19},"end":{"line":15,"column":27}},"10":{"start":{"line":17,"column":4},"end":{"line":40,"column":6}},"11":{"start":{"line":21,"column":44},"end":{"line":39,"column":null}},"12":{"start":{"line":22,"column":23},"end":{"line":22,"column":25}},"13":{"start":{"line":23,"column":21},"end":{"line":23,"column":22}},"14":{"start":{"line":24,"column":8},"end":{"line":38,"column":null}},"15":{"start":{"line":25,"column":48},"end":{"line":28,"column":12}},"16":{"start":{"line":29,"column":31},"end":{"line":29,"column":45}},"17":{"start":{"line":30,"column":10},"end":{"line":30,"column":57}},"18":{"start":{"line":31,"column":10},"end":{"line":31,"column":23}},"19":{"start":{"line":33,"column":10},"end":{"line":33,"column":59}},"20":{"start":{"line":34,"column":10},"end":{"line":34,"column":31}},"21":{"start":{"line":35,"column":10},"end":{"line":35,"column":23}},"22":{"start":{"line":37,"column":10},"end":{"line":37,"column":44}},"23":{"start":{"line":42,"column":4},"end":{"line":71,"column":6}},"24":{"start":{"line":46,"column":25},"end":{"line":70,"column":null}},"25":{"start":{"line":47,"column":23},"end":{"line":47,"column":25}},"26":{"start":{"line":48,"column":21},"end":{"line":48,"column":22}},"27":{"start":{"line":49,"column":8},"end":{"line":69,"column":null}},"28":{"start":{"line":50,"column":31},"end":{"line":50,"column":39}},"29":{"start":{"line":51,"column":31},"end":{"line":51,"column":39}},"30":{"start":{"line":52,"column":35},"end":{"line":54,"column":null}},"31":{"start":{"line":56,"column":10},"end":{"line":62,"column":null}},"32":{"start":{"line":57,"column":12},"end":{"line":57,"column":51}},"33":{"start":{"line":58,"column":12},"end":{"line":58,"column":25}},"34":{"start":{"line":60,"column":12},"end":{"line":60,"column":45}},"35":{"start":{"line":61,"column":12},"end":{"line":61,"column":25}},"36":{"start":{"line":64,"column":10},"end":{"line":64,"column":59}},"37":{"start":{"line":65,"column":10},"end":{"line":65,"column":31}},"38":{"start":{"line":66,"column":10},"end":{"line":66,"column":23}},"39":{"start":{"line":68,"column":10},"end":{"line":68,"column":44}},"40":{"start":{"line":73,"column":4},"end":{"line":104,"column":6}},"41":{"start":{"line":77,"column":25},"end":{"line":103,"column":null}},"42":{"start":{"line":79,"column":21},"end":{"line":79,"column":22}},"43":{"start":{"line":80,"column":8},"end":{"line":102,"column":null}},"44":{"start":{"line":81,"column":31},"end":{"line":81,"column":41}},"45":{"start":{"line":82,"column":44},"end":{"line":86,"column":12}},"46":{"start":{"line":87,"column":31},"end":{"line":87,"column":45}},"47":{"start":{"line":88,"column":29},"end":{"line":88,"column":60}},"48":{"start":{"line":89,"column":10},"end":{"line":95,"column":null}},"49":{"start":{"line":90,"column":12},"end":{"line":90,"column":38}},"50":{"start":{"line":91,"column":12},"end":{"line":91,"column":25}},"51":{"start":{"line":93,"column":12},"end":{"line":93,"column":48}},"52":{"start":{"line":94,"column":12},"end":{"line":94,"column":25}},"53":{"start":{"line":97,"column":10},"end":{"line":97,"column":59}},"54":{"start":{"line":98,"column":10},"end":{"line":98,"column":31}},"55":{"start":{"line":99,"column":10},"end":{"line":99,"column":23}},"56":{"start":{"line":101,"column":10},"end":{"line":101,"column":44}},"57":{"start":{"line":106,"column":4},"end":{"line":106,"column":18}},"58":{"start":{"line":110,"column":9},"end":{"line":110,"column":19}}},"fnMap":{"0":{"name":"(anonymous_7)","decl":{"start":{"line":14,"column":2},"end":{"line":14,"column":8}},"loc":{"start":{"line":14,"column":22},"end":{"line":107,"column":3}}},"1":{"name":"(anonymous_8)","decl":{"start":{"line":21,"column":6},"end":{"line":21,"column":13}},"loc":{"start":{"line":21,"column":44},"end":{"line":39,"column":null}}},"2":{"name":"(anonymous_9)","decl":{"start":{"line":21,"column":44},"end":{"line":21,"column":null}},"loc":{"start":{"line":21,"column":44},"end":{"line":39,"column":7}}},"3":{"name":"(anonymous_10)","decl":{"start":{"line":46,"column":6},"end":{"line":46,"column":13}},"loc":{"start":{"line":46,"column":25},"end":{"line":70,"column":null}}},"4":{"name":"(anonymous_11)","decl":{"start":{"line":46,"column":25},"end":{"line":46,"column":null}},"loc":{"start":{"line":46,"column":25},"end":{"line":70,"column":7}}},"5":{"name":"(anonymous_12)","decl":{"start":{"line":77,"column":6},"end":{"line":77,"column":13}},"loc":{"start":{"line":77,"column":25},"end":{"line":103,"column":null}}},"6":{"name":"(anonymous_13)","decl":{"start":{"line":77,"column":25},"end":{"line":77,"column":null}},"loc":{"start":{"line":77,"column":25},"end":{"line":103,"column":7}}}},"branchMap":{"0":{"loc":{"start":{"line":56,"column":10},"end":{"line":62,"column":null}},"type":"if","locations":[{"start":{"line":56,"column":10},"end":{"line":62,"column":null}},{"start":{"line":56,"column":10},"end":{"line":62,"column":null}}]},"1":{"loc":{"start":{"line":89,"column":10},"end":{"line":95,"column":null}},"type":"if","locations":[{"start":{"line":89,"column":10},"end":{"line":95,"column":null}},{"start":{"line":89,"column":10},"end":{"line":95,"column":null}}]}},"s":{"0":25,"1":25,"2":25,"3":25,"4":25,"5":25,"6":25,"7":25,"8":25,"9":50,"10":50,"11":22,"12":22,"13":22,"14":22,"15":22,"16":22,"17":22,"18":22,"19":0,"20":0,"21":0,"22":22,"23":50,"24":21,"25":21,"26":21,"27":21,"28":21,"29":21,"30":21,"31":21,"32":20,"33":20,"34":1,"35":1,"36":0,"37":0,"38":0,"39":21,"40":50,"41":4,"42":4,"43":4,"44":4,"45":4,"46":4,"47":4,"48":4,"49":3,"50":3,"51":1,"52":1,"53":0,"54":0,"55":0,"56":4,"57":50,"58":25},"f":{"0":50,"1":22,"2":22,"3":21,"4":21,"5":4,"6":4},"b":{"0":[20,1],"1":[3,1]}}
,"/home/namrata/github.com/to-ts-tdd/src/validations/id-validation.ts": {"path":"/home/namrata/github.com/to-ts-tdd/src/validations/id-validation.ts","statementMap":{"0":{"start":{"line":1,"column":0},"end":{"line":1,"column":35}},"1":{"start":{"line":2,"column":0},"end":{"line":2,"column":52}},"2":{"start":{"line":6,"column":4},"end":{"line":19,"column":null}},"3":{"start":{"line":8,"column":18},"end":{"line":8,"column":50}},"4":{"start":{"line":9,"column":39},"end":{"line":13,"column":8}},"5":{"start":{"line":14,"column":17},"end":{"line":14,"column":31}},"6":{"start":{"line":15,"column":20},"end":{"line":15,"column":56}},"7":{"start":{"line":16,"column":6},"end":{"line":16,"column":19}},"8":{"start":{"line":18,"column":6},"end":{"line":18,"column":14}},"9":{"start":{"line":23,"column":9},"end":{"line":23,"column":21}}},"fnMap":{"0":{"name":"(anonymous_7)","decl":{"start":{"line":5,"column":2},"end":{"line":5,"column":8}},"loc":{"start":{"line":5,"column":34},"end":{"line":20,"column":null}}}},"branchMap":{},"s":{"0":25,"1":25,"2":25,"3":25,"4":22,"5":22,"6":22,"7":22,"8":3,"9":25},"f":{"0":25},"b":{}}
,"/home/namrata/github.com/to-ts-tdd/src/validations/schema-middleware.ts": {"path":"/home/namrata/github.com/to-ts-tdd/src/validations/schema-middleware.ts","statementMap":{"0":{"start":{"line":1,"column":0},"end":{"line":1,"column":48}},"1":{"start":{"line":5,"column":4},"end":{"line":5,"column":31}},"2":{"start":{"line":9,"column":9},"end":{"line":9,"column":25}}},"fnMap":{"0":{"name":"(anonymous_0)","decl":{"start":{"line":4,"column":2},"end":{"line":4,"column":8}},"loc":{"start":{"line":4,"column":24},"end":{"line":6,"column":3}}}},"branchMap":{},"s":{"0":25,"1":275,"2":25},"f":{"0":275},"b":{}}
,"/home/namrata/github.com/to-ts-tdd/src/validations/login-validations/login-schema-validations.ts": {"path":"/home/namrata/github.com/to-ts-tdd/src/validations/login-validations/login-schema-validations.ts","statementMap":{"0":{"start":{"line":1,"column":0},"end":{"line":1,"column":null}},"1":{"start":{"line":6,"column":20},"end":{"line":20,"column":2}},"2":{"start":{"line":22,"column":9},"end":{"line":22,"column":20}}},"fnMap":{},"branchMap":{},"s":{"0":25,"1":25,"2":25},"f":{},"b":{}}
,"/home/namrata/github.com/to-ts-tdd/src/validations/login-validations/username-validation.ts": {"path":"/home/namrata/github.com/to-ts-tdd/src/validations/login-validations/username-validation.ts","statementMap":{"0":{"start":{"line":1,"column":0},"end":{"line":1,"column":68}},"1":{"start":{"line":3,"column":33},"end":{"line":12,"column":2}},"2":{"start":{"line":14,"column":9},"end":{"line":14,"column":33}}},"fnMap":{},"branchMap":{},"s":{"0":25,"1":25,"2":25},"f":{},"b":{}}
,"/home/namrata/github.com/to-ts-tdd/src/validations/signup-validations/dob-validation.ts": {"path":"/home/namrata/github.com/to-ts-tdd/src/validations/signup-validations/dob-validation.ts","statementMap":{"0":{"start":{"line":3,"column":24},"end":{"line":3,"column":34}},"1":{"start":{"line":4,"column":32},"end":{"line":4,"column":57}},"2":{"start":{"line":5,"column":33},"end":{"line":5,"column":55}},"3":{"start":{"line":6,"column":31},"end":{"line":6,"column":52}},"4":{"start":{"line":7,"column":31},"end":{"line":11,"column":20}},"5":{"start":{"line":12,"column":4},"end":{"line":12,"column":22}},"6":{"start":{"line":16,"column":9},"end":{"line":16,"column":22}}},"fnMap":{"0":{"name":"(anonymous_0)","decl":{"start":{"line":2,"column":2},"end":{"line":2,"column":8}},"loc":{"start":{"line":2,"column":22},"end":{"line":13,"column":3}}}},"branchMap":{},"s":{"0":31,"1":31,"2":31,"3":31,"4":31,"5":31,"6":25},"f":{"0":31},"b":{}}
,"/home/namrata/github.com/to-ts-tdd/src/validations/signup-validations/signup-schema-validations.ts": {"path":"/home/namrata/github.com/to-ts-tdd/src/validations/signup-validations/signup-schema-validations.ts","statementMap":{"0":{"start":{"line":1,"column":0},"end":{"line":1,"column":null}},"1":{"start":{"line":7,"column":0},"end":{"line":7,"column":66}},"2":{"start":{"line":8,"column":0},"end":{"line":8,"column":49}},"3":{"start":{"line":10,"column":21},"end":{"line":48,"column":2}},"4":{"start":{"line":19,"column":34},"end":{"line":25,"column":null}},"5":{"start":{"line":20,"column":8},"end":{"line":24,"column":null}},"6":{"start":{"line":21,"column":10},"end":{"line":21,"column":62}},"7":{"start":{"line":23,"column":10},"end":{"line":23,"column":18}},"8":{"start":{"line":36,"column":24},"end":{"line":36,"column":80}},"9":{"start":{"line":44,"column":24},"end":{"line":44,"column":36}},"10":{"start":{"line":50,"column":9},"end":{"line":50,"column":21}}},"fnMap":{"0":{"name":"(anonymous_7)","decl":{"start":{"line":19,"column":15},"end":{"line":19,"column":22}},"loc":{"start":{"line":19,"column":34},"end":{"line":25,"column":null}}},"1":{"name":"(anonymous_8)","decl":{"start":{"line":19,"column":34},"end":{"line":19,"column":null}},"loc":{"start":{"line":19,"column":34},"end":{"line":25,"column":7}}},"2":{"name":"(anonymous_9)","decl":{"start":{"line":36,"column":15},"end":{"line":36,"column":16}},"loc":{"start":{"line":36,"column":24},"end":{"line":36,"column":80}}},"3":{"name":"(anonymous_10)","decl":{"start":{"line":44,"column":15},"end":{"line":44,"column":16}},"loc":{"start":{"line":44,"column":24},"end":{"line":44,"column":36}}}},"branchMap":{},"s":{"0":25,"1":25,"2":25,"3":25,"4":31,"5":31,"6":31,"7":1,"8":31,"9":31,"10":25},"f":{"0":31,"1":31,"2":31,"3":31},"b":{}}
,"/home/namrata/github.com/to-ts-tdd/src/validations/signup-validations/unique-email-validation.ts": {"path":"/home/namrata/github.com/to-ts-tdd/src/validations/signup-validations/unique-email-validation.ts","statementMap":{"0":{"start":{"line":1,"column":0},"end":{"line":1,"column":42}},"1":{"start":{"line":5,"column":4},"end":{"line":18,"column":null}},"2":{"start":{"line":6,"column":26},"end":{"line":10,"column":8}},"3":{"start":{"line":11,"column":17},"end":{"line":11,"column":31}},"4":{"start":{"line":12,"column":20},"end":{"line":12,"column":56}},"5":{"start":{"line":13,"column":6},"end":{"line":15,"column":null}},"6":{"start":{"line":14,"column":8},"end":{"line":14,"column":40}},"7":{"start":{"line":17,"column":6},"end":{"line":17,"column":14}},"8":{"start":{"line":22,"column":9},"end":{"line":22,"column":30}}},"fnMap":{"0":{"name":"(anonymous_7)","decl":{"start":{"line":4,"column":2},"end":{"line":4,"column":8}},"loc":{"start":{"line":4,"column":45},"end":{"line":19,"column":null}}}},"branchMap":{"0":{"loc":{"start":{"line":13,"column":6},"end":{"line":15,"column":null}},"type":"if","locations":[{"start":{"line":13,"column":6},"end":{"line":15,"column":null}},{"start":{"line":13,"column":6},"end":{"line":15,"column":null}}]}},"s":{"0":25,"1":31,"2":31,"3":31,"4":31,"5":31,"6":1,"7":1,"8":25},"f":{"0":31},"b":{"0":[1,30]}}
,"/home/namrata/github.com/to-ts-tdd/src/validations/todo-validations/delete-todo-schema-validations.ts": {"path":"/home/namrata/github.com/to-ts-tdd/src/validations/todo-validations/delete-todo-schema-validations.ts","statementMap":{"0":{"start":{"line":1,"column":0},"end":{"line":1,"column":null}},"1":{"start":{"line":4,"column":0},"end":{"line":4,"column":48}},"2":{"start":{"line":6,"column":29},"end":{"line":26,"column":2}},"3":{"start":{"line":15,"column":28},"end":{"line":22,"column":null}},"4":{"start":{"line":16,"column":8},"end":{"line":21,"column":null}},"5":{"start":{"line":17,"column":24},"end":{"line":17,"column":55}},"6":{"start":{"line":18,"column":10},"end":{"line":18,"column":63}},"7":{"start":{"line":18,"column":27},"end":{"line":18,"column":63}},"8":{"start":{"line":20,"column":10},"end":{"line":20,"column":18}},"9":{"start":{"line":28,"column":9},"end":{"line":28,"column":29}}},"fnMap":{"0":{"name":"(anonymous_7)","decl":{"start":{"line":15,"column":15},"end":{"line":15,"column":22}},"loc":{"start":{"line":15,"column":28},"end":{"line":22,"column":null}}},"1":{"name":"(anonymous_8)","decl":{"start":{"line":15,"column":28},"end":{"line":15,"column":null}},"loc":{"start":{"line":15,"column":28},"end":{"line":22,"column":7}}}},"branchMap":{"0":{"loc":{"start":{"line":18,"column":10},"end":{"line":18,"column":63}},"type":"if","locations":[{"start":{"line":18,"column":10},"end":{"line":18,"column":63}},{"start":{"line":18,"column":10},"end":{"line":18,"column":63}}]}},"s":{"0":25,"1":25,"2":25,"3":4,"4":4,"5":4,"6":3,"7":1,"8":2,"9":25},"f":{"0":4,"1":4},"b":{"0":[1,2]}}
,"/home/namrata/github.com/to-ts-tdd/src/validations/todo-validations/get-todo-schema-validations.ts": {"path":"/home/namrata/github.com/to-ts-tdd/src/validations/todo-validations/get-todo-schema-validations.ts","statementMap":{"0":{"start":{"line":1,"column":0},"end":{"line":1,"column":null}},"1":{"start":{"line":5,"column":0},"end":{"line":5,"column":55}},"2":{"start":{"line":6,"column":0},"end":{"line":6,"column":48}},"3":{"start":{"line":8,"column":30},"end":{"line":28,"column":2}},"4":{"start":{"line":17,"column":32},"end":{"line":24,"column":null}},"5":{"start":{"line":18,"column":8},"end":{"line":23,"column":null}},"6":{"start":{"line":19,"column":24},"end":{"line":19,"column":63}},"7":{"start":{"line":20,"column":10},"end":{"line":20,"column":67}},"8":{"start":{"line":20,"column":27},"end":{"line":20,"column":67}},"9":{"start":{"line":22,"column":10},"end":{"line":22,"column":18}},"10":{"start":{"line":52,"column":9},"end":{"line":52,"column":30}},"11":{"start":{"line":30,"column":26},"end":{"line":50,"column":2}},"12":{"start":{"line":39,"column":28},"end":{"line":46,"column":null}},"13":{"start":{"line":40,"column":8},"end":{"line":45,"column":null}},"14":{"start":{"line":41,"column":24},"end":{"line":41,"column":55}},"15":{"start":{"line":42,"column":10},"end":{"line":42,"column":63}},"16":{"start":{"line":42,"column":27},"end":{"line":42,"column":63}},"17":{"start":{"line":44,"column":10},"end":{"line":44,"column":18}},"18":{"start":{"line":52,"column":32},"end":{"line":52,"column":49}}},"fnMap":{"0":{"name":"(anonymous_7)","decl":{"start":{"line":17,"column":15},"end":{"line":17,"column":22}},"loc":{"start":{"line":17,"column":32},"end":{"line":24,"column":null}}},"1":{"name":"(anonymous_8)","decl":{"start":{"line":17,"column":32},"end":{"line":17,"column":null}},"loc":{"start":{"line":17,"column":32},"end":{"line":24,"column":7}}},"2":{"name":"(anonymous_9)","decl":{"start":{"line":39,"column":15},"end":{"line":39,"column":22}},"loc":{"start":{"line":39,"column":28},"end":{"line":46,"column":null}}},"3":{"name":"(anonymous_10)","decl":{"start":{"line":39,"column":28},"end":{"line":39,"column":null}},"loc":{"start":{"line":39,"column":28},"end":{"line":46,"column":7}}}},"branchMap":{"0":{"loc":{"start":{"line":20,"column":10},"end":{"line":20,"column":67}},"type":"if","locations":[{"start":{"line":20,"column":10},"end":{"line":20,"column":67}},{"start":{"line":20,"column":10},"end":{"line":20,"column":67}}]},"1":{"loc":{"start":{"line":42,"column":10},"end":{"line":42,"column":63}},"type":"if","locations":[{"start":{"line":42,"column":10},"end":{"line":42,"column":63}},{"start":{"line":42,"column":10},"end":{"line":42,"column":63}}]}},"s":{"0":25,"1":25,"2":25,"3":25,"4":6,"5":6,"6":6,"7":5,"8":1,"9":2,"10":25,"11":25,"12":6,"13":6,"14":6,"15":5,"16":1,"17":2,"18":25},"f":{"0":6,"1":6,"2":6,"3":6},"b":{"0":[1,4],"1":[1,4]}}
,"/home/namrata/github.com/to-ts-tdd/src/validations/todo-validations/post-todo-schema-validations.ts": {"path":"/home/namrata/github.com/to-ts-tdd/src/validations/todo-validations/post-todo-schema-validations.ts","statementMap":{"0":{"start":{"line":1,"column":0},"end":{"line":1,"column":null}},"1":{"start":{"line":7,"column":0},"end":{"line":7,"column":55}},"2":{"start":{"line":9,"column":23},"end":{"line":48,"column":2}},"3":{"start":{"line":20,"column":27},"end":{"line":20,"column":86}},"4":{"start":{"line":32,"column":32},"end":{"line":39,"column":null}},"5":{"start":{"line":33,"column":8},"end":{"line":38,"column":null}},"6":{"start":{"line":34,"column":24},"end":{"line":34,"column":63}},"7":{"start":{"line":35,"column":10},"end":{"line":35,"column":67}},"8":{"start":{"line":35,"column":27},"end":{"line":35,"column":67}},"9":{"start":{"line":37,"column":10},"end":{"line":37,"column":18}},"10":{"start":{"line":50,"column":9},"end":{"line":50,"column":23}}},"fnMap":{"0":{"name":"(anonymous_7)","decl":{"start":{"line":20,"column":15},"end":{"line":20,"column":16}},"loc":{"start":{"line":20,"column":27},"end":{"line":20,"column":86}}},"1":{"name":"(anonymous_8)","decl":{"start":{"line":32,"column":15},"end":{"line":32,"column":22}},"loc":{"start":{"line":32,"column":32},"end":{"line":39,"column":null}}},"2":{"name":"(anonymous_9)","decl":{"start":{"line":32,"column":32},"end":{"line":32,"column":null}},"loc":{"start":{"line":32,"column":32},"end":{"line":39,"column":7}}}},"branchMap":{"0":{"loc":{"start":{"line":35,"column":10},"end":{"line":35,"column":67}},"type":"if","locations":[{"start":{"line":35,"column":10},"end":{"line":35,"column":67}},{"start":{"line":35,"column":10},"end":{"line":35,"column":67}}]}},"s":{"0":25,"1":25,"2":25,"3":31,"4":31,"5":31,"6":31,"7":29,"8":1,"9":3,"10":25},"f":{"0":31,"1":31,"2":31},"b":{"0":[1,28]}}
,"/home/namrata/github.com/to-ts-tdd/src/validations/todo-validations/update-todo-schema-validations.ts": {"path":"/home/namrata/github.com/to-ts-tdd/src/validations/todo-validations/update-todo-schema-validations.ts","statementMap":{"0":{"start":{"line":1,"column":0},"end":{"line":1,"column":null}},"1":{"start":{"line":6,"column":0},"end":{"line":6,"column":48}},"2":{"start":{"line":8,"column":29},"end":{"line":46,"column":2}},"3":{"start":{"line":17,"column":28},"end":{"line":24,"column":null}},"4":{"start":{"line":18,"column":8},"end":{"line":23,"column":null}},"5":{"start":{"line":19,"column":24},"end":{"line":19,"column":55}},"6":{"start":{"line":20,"column":10},"end":{"line":20,"column":63}},"7":{"start":{"line":20,"column":27},"end":{"line":20,"column":63}},"8":{"start":{"line":22,"column":10},"end":{"line":22,"column":18}},"9":{"start":{"line":42,"column":8},"end":{"line":42,"column":67}},"10":{"start":{"line":48,"column":9},"end":{"line":48,"column":29}}},"fnMap":{"0":{"name":"(anonymous_7)","decl":{"start":{"line":17,"column":15},"end":{"line":17,"column":22}},"loc":{"start":{"line":17,"column":28},"end":{"line":24,"column":null}}},"1":{"name":"(anonymous_8)","decl":{"start":{"line":17,"column":28},"end":{"line":17,"column":null}},"loc":{"start":{"line":17,"column":28},"end":{"line":24,"column":7}}},"2":{"name":"(anonymous_9)","decl":{"start":{"line":41,"column":15},"end":{"line":41,"column":16}},"loc":{"start":{"line":42,"column":8},"end":{"line":42,"column":67}}}},"branchMap":{"0":{"loc":{"start":{"line":20,"column":10},"end":{"line":20,"column":63}},"type":"if","locations":[{"start":{"line":20,"column":10},"end":{"line":20,"column":63}},{"start":{"line":20,"column":10},"end":{"line":20,"column":63}}]}},"s":{"0":25,"1":25,"2":25,"3":15,"4":15,"5":15,"6":14,"7":1,"8":2,"9":15,"10":25},"f":{"0":15,"1":15,"2":15},"b":{"0":[1,13]}}
,"/home/namrata/github.com/to-ts-tdd/src/validations/todo-validations/userID-validation.ts": {"path":"/home/namrata/github.com/to-ts-tdd/src/validations/todo-validations/userID-validation.ts","statementMap":{"0":{"start":{"line":1,"column":0},"end":{"line":1,"column":35}},"1":{"start":{"line":2,"column":0},"end":{"line":2,"column":55}},"2":{"start":{"line":6,"column":4},"end":{"line":19,"column":null}},"3":{"start":{"line":8,"column":18},"end":{"line":8,"column":54}},"4":{"start":{"line":9,"column":39},"end":{"line":13,"column":8}},"5":{"start":{"line":14,"column":17},"end":{"line":14,"column":31}},"6":{"start":{"line":15,"column":20},"end":{"line":15,"column":56}},"7":{"start":{"line":16,"column":6},"end":{"line":16,"column":19}},"8":{"start":{"line":18,"column":6},"end":{"line":18,"column":14}},"9":{"start":{"line":23,"column":9},"end":{"line":23,"column":25}}},"fnMap":{"0":{"name":"(anonymous_7)","decl":{"start":{"line":5,"column":2},"end":{"line":5,"column":8}},"loc":{"start":{"line":5,"column":38},"end":{"line":20,"column":null}}}},"branchMap":{},"s":{"0":25,"1":25,"2":37,"3":37,"4":34,"5":34,"6":34,"7":34,"8":3,"9":25},"f":{"0":37},"b":{}}
}
