TN:
SF:src/app.ts
FN:26,(anonymous_8)
FN:26,(anonymous_9)
FNF:2
FNH:2
FNDA:1,(anonymous_8)
FNDA:1,(anonymous_9)
DA:1,25
DA:2,25
DA:3,25
DA:4,25
DA:5,25
DA:7,25
DA:8,25
DA:10,25
DA:24,25
DA:26,25
DA:27,1
DA:30,25
DA:32,25
DA:33,25
DA:34,25
DA:36,25
LF:16
LH:16
BRF:0
BRH:0
end_of_record
TN:
SF:src/database.ts
FN:6,(anonymous_7)
FN:18,(anonymous_9)
FN:32,(anonymous_11)
FN:47,(anonymous_13)
FN:65,(anonymous_15)
FN:82,(anonymous_17)
FN:100,(anonymous_19)
FN:119,(anonymous_21)
FNF:8
FNH:8
FNDA:232,(anonymous_7)
FNDA:54,(anonymous_9)
FNDA:45,(anonymous_11)
FNDA:87,(anonymous_13)
FNDA:4,(anonymous_15)
FNDA:30,(anonymous_17)
FNDA:10,(anonymous_19)
FNDA:2,(anonymous_21)
DA:2,25
DA:3,25
DA:7,232
DA:8,232
DA:11,232
DA:12,232
DA:14,0
DA:20,54
DA:21,54
DA:22,54
DA:23,54
DA:25,0
DA:26,0
DA:28,54
DA:34,45
DA:35,45
DA:36,45
DA:37,45
DA:38,45
DA:39,45
DA:41,0
DA:43,45
DA:49,87
DA:50,87
DA:51,87
DA:52,87
DA:53,87
DA:57,87
DA:59,0
DA:61,87
DA:67,4
DA:68,4
DA:69,4
DA:70,4
DA:71,4
DA:74,4
DA:76,0
DA:78,4
DA:84,30
DA:85,30
DA:86,30
DA:87,30
DA:88,30
DA:92,30
DA:94,0
DA:96,30
DA:102,10
DA:103,10
DA:104,10
DA:105,10
DA:106,10
DA:111,10
DA:113,0
DA:115,10
DA:121,2
DA:122,2
DA:123,2
DA:124,2
DA:125,2
DA:129,2
DA:131,0
DA:133,2
DA:168,25
LF:63
LH:54
BRF:0
BRH:0
end_of_record
TN:
SF:src/authentication/user-authentication.ts
FN:4,(anonymous_7)
FNF:1
FNH:1
FNDA:22,(anonymous_7)
DA:1,25
DA:8,22
DA:9,22
DA:14,22
DA:15,22
DA:16,22
DA:18,0
DA:23,25
LF:8
LH:7
BRF:0
BRH:0
end_of_record
TN:
SF:src/config/config.ts
FNF:0
FNH:0
DA:1,25
DA:3,25
DA:37,25
DA:38,25
DA:41,25
DA:43,25
LF:6
LH:6
BRF:0
BRH:0
end_of_record
TN:
SF:src/middlewares/jwt-middleware.ts
FN:5,(anonymous_1)
FN:11,(anonymous_2)
FN:16,(anonymous_3)
FNF:3
FNH:3
FNDA:21,(anonymous_1)
FNDA:84,(anonymous_2)
FNDA:78,(anonymous_3)
DA:1,25
DA:2,25
DA:6,21
DA:12,84
DA:13,84
DA:14,6
DA:16,78
DA:17,78
DA:18,6
DA:20,72
DA:27,25
LF:11
LH:11
BRDA:13,0,0,6
BRDA:13,0,1,78
BRDA:17,1,0,6
BRDA:17,1,1,72
BRF:4
BRH:4
end_of_record
TN:
SF:src/middlewares/schema-validation-error-middleware.ts
FN:4,(anonymous_0)
FNF:1
FNH:1
FNDA:120,(anonymous_0)
DA:1,25
DA:5,120
DA:6,120
DA:7,29
DA:9,91
DA:14,25
LF:6
LH:6
BRDA:6,0,0,29
BRDA:6,0,1,91
BRF:2
BRH:2
end_of_record
TN:
SF:src/routers/todo-router.ts
FN:16,(anonymous_7)
FN:23,(anonymous_8)
FN:23,(anonymous_9)
FN:49,(anonymous_10)
FN:49,(anonymous_11)
FN:76,(anonymous_12)
FN:76,(anonymous_13)
FN:103,(anonymous_14)
FN:103,(anonymous_15)
FN:132,(anonymous_16)
FN:132,(anonymous_17)
FNF:11
FNH:11
FNDA:25,(anonymous_7)
FNDA:23,(anonymous_8)
FNDA:23,(anonymous_9)
FNDA:4,(anonymous_10)
FNDA:4,(anonymous_11)
FNDA:4,(anonymous_12)
FNDA:4,(anonymous_13)
FNDA:10,(anonymous_14)
FNDA:10,(anonymous_15)
FNDA:2,(anonymous_16)
FNDA:2,(anonymous_17)
DA:2,25
DA:3,25
DA:4,25
DA:5,25
DA:6,25
DA:7,25
DA:8,25
DA:12,25
DA:13,25
DA:17,25
DA:19,25
DA:23,23
DA:24,23
DA:25,23
DA:26,23
DA:27,23
DA:28,23
DA:32,23
DA:33,23
DA:34,23
DA:36,0
DA:37,0
DA:38,0
DA:40,23
DA:45,25
DA:49,4
DA:50,4
DA:51,4
DA:52,4
DA:53,4
DA:54,4
DA:59,4
DA:60,4
DA:61,4
DA:63,0
DA:64,0
DA:65,0
DA:67,4
DA:72,25
DA:76,4
DA:78,4
DA:79,4
DA:80,4
DA:81,4
DA:86,4
DA:87,4
DA:88,4
DA:90,0
DA:91,0
DA:92,0
DA:94,4
DA:99,25
DA:103,10
DA:104,10
DA:105,10
DA:106,10
DA:107,10
DA:108,10
DA:109,10
DA:115,10
DA:116,10
DA:117,10
DA:119,0
DA:120,0
DA:121,0
DA:123,10
DA:128,25
DA:132,2
DA:133,2
DA:134,2
DA:135,2
DA:136,2
DA:137,2
DA:142,2
DA:143,2
DA:144,2
DA:146,0
DA:147,0
DA:148,0
DA:150,2
DA:155,25
DA:159,25
LF:82
LH:67
BRF:0
BRH:0
end_of_record
TN:
SF:src/routers/user-router.ts
FN:13,(anonymous_7)
FN:20,(anonymous_8)
FN:20,(anonymous_9)
FN:45,(anonymous_10)
FN:45,(anonymous_11)
FN:79,(anonymous_12)
FN:79,(anonymous_13)
FNF:7
FNH:7
FNDA:50,(anonymous_7)
FNDA:22,(anonymous_8)
FNDA:22,(anonymous_9)
FNDA:22,(anonymous_10)
FNDA:22,(anonymous_11)
FNDA:4,(anonymous_12)
FNDA:4,(anonymous_13)
DA:2,25
DA:3,25
DA:4,25
DA:5,25
DA:6,25
DA:7,25
DA:8,25
DA:9,25
DA:10,25
DA:14,50
DA:16,50
DA:20,22
DA:21,22
DA:22,22
DA:23,22
DA:24,22
DA:28,22
DA:29,22
DA:30,22
DA:32,0
DA:33,0
DA:34,0
DA:36,22
DA:41,50
DA:45,22
DA:46,22
DA:47,22
DA:48,22
DA:49,22
DA:50,22
DA:51,22
DA:55,22
DA:56,21
DA:60,21
DA:62,1
DA:63,1
DA:66,0
DA:67,0
DA:68,0
DA:70,22
DA:75,50
DA:79,4
DA:81,4
DA:82,4
DA:83,4
DA:84,4
DA:89,4
DA:90,4
DA:91,4
DA:92,3
DA:93,3
DA:95,1
DA:96,1
DA:99,0
DA:100,0
DA:101,0
DA:103,4
DA:108,50
DA:112,25
LF:59
LH:50
BRDA:55,0,0,21
BRDA:55,0,1,1
BRDA:55,1,0,22
BRDA:55,1,1,21
BRDA:91,2,0,3
BRDA:91,2,1,1
BRF:6
BRH:6
end_of_record
TN:
SF:src/validations/id-validation.ts
FN:5,(anonymous_7)
FNF:1
FNH:1
FNDA:25,(anonymous_7)
DA:1,25
DA:2,25
DA:6,25
DA:8,25
DA:9,22
DA:14,22
DA:15,22
DA:16,22
DA:18,3
DA:23,25
LF:10
LH:10
BRF:0
BRH:0
end_of_record
TN:
SF:src/validations/schema-middleware.ts
FN:4,(anonymous_0)
FNF:1
FNH:1
FNDA:275,(anonymous_0)
DA:1,25
DA:5,275
DA:9,25
LF:3
LH:3
BRF:0
BRH:0
end_of_record
TN:
SF:src/validations/login-validations/login-schema-validations.ts
FNF:0
FNH:0
DA:1,25
DA:6,25
DA:22,25
LF:3
LH:3
BRF:0
BRH:0
end_of_record
TN:
SF:src/validations/login-validations/username-validation.ts
FNF:0
FNH:0
DA:1,25
DA:3,25
DA:14,25
LF:3
LH:3
BRF:0
BRH:0
end_of_record
TN:
SF:src/validations/signup-validations/dob-validation.ts
FN:2,(anonymous_0)
FNF:1
FNH:1
FNDA:31,(anonymous_0)
DA:3,31
DA:4,31
DA:5,31
DA:6,31
DA:7,31
DA:12,31
DA:16,25
LF:7
LH:7
BRF:0
BRH:0
end_of_record
TN:
SF:src/validations/signup-validations/signup-schema-validations.ts
FN:19,(anonymous_7)
FN:19,(anonymous_8)
FN:36,(anonymous_9)
FN:44,(anonymous_10)
FNF:4
FNH:4
FNDA:31,(anonymous_7)
FNDA:31,(anonymous_8)
FNDA:31,(anonymous_9)
FNDA:31,(anonymous_10)
DA:1,25
DA:7,25
DA:8,25
DA:10,25
DA:19,31
DA:20,31
DA:21,31
DA:23,1
DA:36,31
DA:44,31
DA:50,25
LF:11
LH:11
BRF:0
BRH:0
end_of_record
TN:
SF:src/validations/signup-validations/unique-email-validation.ts
FN:4,(anonymous_7)
FNF:1
FNH:1
FNDA:31,(anonymous_7)
DA:1,25
DA:5,31
DA:6,31
DA:11,31
DA:12,31
DA:13,31
DA:14,1
DA:17,1
DA:22,25
LF:9
LH:9
BRDA:13,0,0,1
BRDA:13,0,1,30
BRF:2
BRH:2
end_of_record
TN:
SF:src/validations/todo-validations/delete-todo-schema-validations.ts
FN:15,(anonymous_7)
FN:15,(anonymous_8)
FNF:2
FNH:2
FNDA:4,(anonymous_7)
FNDA:4,(anonymous_8)
DA:1,25
DA:4,25
DA:6,25
DA:15,4
DA:16,4
DA:17,4
DA:18,3
DA:20,2
DA:28,25
LF:9
LH:9
BRDA:18,0,0,1
BRDA:18,0,1,2
BRF:2
BRH:2
end_of_record
TN:
SF:src/validations/todo-validations/get-todo-schema-validations.ts
FN:17,(anonymous_7)
FN:17,(anonymous_8)
FN:39,(anonymous_9)
FN:39,(anonymous_10)
FNF:4
FNH:4
FNDA:6,(anonymous_7)
FNDA:6,(anonymous_8)
FNDA:6,(anonymous_9)
FNDA:6,(anonymous_10)
DA:1,25
DA:5,25
DA:6,25
DA:8,25
DA:17,6
DA:18,6
DA:19,6
DA:20,5
DA:22,2
DA:30,25
DA:39,6
DA:40,6
DA:41,6
DA:42,5
DA:44,2
DA:52,25
LF:16
LH:16
BRDA:20,0,0,1
BRDA:20,0,1,4
BRDA:42,1,0,1
BRDA:42,1,1,4
BRF:4
BRH:4
end_of_record
TN:
SF:src/validations/todo-validations/post-todo-schema-validations.ts
FN:20,(anonymous_7)
FN:32,(anonymous_8)
FN:32,(anonymous_9)
FNF:3
FNH:3
FNDA:31,(anonymous_7)
FNDA:31,(anonymous_8)
FNDA:31,(anonymous_9)
DA:1,25
DA:7,25
DA:9,25
DA:20,31
DA:32,31
DA:33,31
DA:34,31
DA:35,29
DA:37,3
DA:50,25
LF:10
LH:10
BRDA:35,0,0,1
BRDA:35,0,1,28
BRF:2
BRH:2
end_of_record
TN:
SF:src/validations/todo-validations/update-todo-schema-validations.ts
FN:17,(anonymous_7)
FN:17,(anonymous_8)
FN:41,(anonymous_9)
FNF:3
FNH:3
FNDA:15,(anonymous_7)
FNDA:15,(anonymous_8)
FNDA:15,(anonymous_9)
DA:1,25
DA:6,25
DA:8,25
DA:17,15
DA:18,15
DA:19,15
DA:20,14
DA:22,2
DA:42,15
DA:48,25
LF:10
LH:10
BRDA:20,0,0,1
BRDA:20,0,1,13
BRF:2
BRH:2
end_of_record
TN:
SF:src/validations/todo-validations/userID-validation.ts
FN:5,(anonymous_7)
FNF:1
FNH:1
FNDA:37,(anonymous_7)
DA:1,25
DA:2,25
DA:6,37
DA:8,37
DA:9,34
DA:14,34
DA:15,34
DA:16,34
DA:18,3
DA:23,25
LF:10
LH:10
BRF:0
BRH:0
end_of_record
